<?xml version="1.0" encoding="UTF-8"?>
<testsuite name="testcases.CustomerLogin"
           tests="6"
           failures="0"
           errors="0"
           skipped="0"
           time="11.765">
  <properties />
  

  

      <testcase name="transaction" time="1.188" />
      <testcase name="withdraw" time="2.985" />
      <testcase name="DepositAmount" time="2.969" />
      <testcase name="TransactionPageveririfcation" time="2.638" />
      <testcase name="customerLoginpageverification" time="0.863" />
      <testcase name="loginAsCustomer" time="1.122" />
  

</testsuite>
