<?xml version="1.0" encoding="UTF-8"?>
<testsuite name="testcases.AddCustomerTest"
           tests="1"
           failures="1"
           errors="0"
           skipped="0"
           time="0.000">
  <properties />
      <testcase name="AddCustomerTest" time="0.000">
            <failure type="java.lang.RuntimeException"
                  message="java.lang.IllegalStateException: Cannot get a STRING value from a NUMERIC cell"
              >
<![CDATA[java.lang.RuntimeException: java.lang.IllegalStateException: Cannot get a STRING value from a NUMERIC cell
  org.testng.internal.invokers.MethodInvocationHelper.invokeMethodNoCheckedException(MethodInvocationHelper.java:57)
  org.testng.internal.invokers.MethodInvocationHelper.invokeDataProvider(MethodInvocationHelper.java:157)
  org.testng.internal.Parameters.handleParameters(Parameters.java:791)
  org.testng.internal.Parameters.handleParameters(Parameters.java:728)
  org.testng.internal.invokers.ParameterHandler.handleParameters(ParameterHandler.java:72)
  org.testng.internal.invokers.ParameterHandler.createParameters(ParameterHandler.java:51)
  org.testng.internal.invokers.TestInvoker$MethodInvocationAgent.invoke(TestInvoker.java:917)
  org.testng.internal.invokers.TestInvoker.invokeTestMethods(TestInvoker.java:194)
  org.testng.internal.invokers.TestMethodWorker.invokeTestMethods(TestMethodWorker.java:148)
  org.testng.internal.invokers.TestMethodWorker.run(TestMethodWorker.java:128)
  java.base/java.util.ArrayList.forEach(ArrayList.java:1510)
  org.testng.TestRunner.privateRun(TestRunner.java:806)
  org.testng.TestRunner.run(TestRunner.java:601)
  org.testng.SuiteRunner.runTest(SuiteRunner.java:433)
  org.testng.SuiteRunner.runSequentially(SuiteRunner.java:427)
  org.testng.SuiteRunner.privateRun(SuiteRunner.java:387)
  org.testng.SuiteRunner.run(SuiteRunner.java:330)
  org.testng.SuiteRunnerWorker.runSuite(SuiteRunnerWorker.java:52)
  org.testng.SuiteRunnerWorker.run(SuiteRunnerWorker.java:95)
  org.testng.TestNG.runSuitesSequentially(TestNG.java:1256)
  org.testng.TestNG.runSuitesLocally(TestNG.java:1176)
  org.testng.TestNG.runSuites(TestNG.java:1099)
  org.testng.TestNG.run(TestNG.java:1067)
  com.intellij.rt.testng.IDEARemoteTestNG.run(IDEARemoteTestNG.java:66)
  com.intellij.rt.testng.RemoteTestNGStarter.main(RemoteTestNGStarter.java:110)
Caused by: java.lang.IllegalStateException: Cannot get a STRING value from a NUMERIC cell
  org.apache.poi.xssf.usermodel.XSSFCell.typeMismatch(XSSFCell.java:1003)
  org.apache.poi.xssf.usermodel.XSSFCell.getRichStringCellValue(XSSFCell.java:389)
  org.apache.poi.xssf.usermodel.XSSFCell.getStringCellValue(XSSFCell.java:341)
  utilities.ExcelReader.getcellData(ExcelReader.java:35)
  testcases.AddCustomerTest.TestdataReading(AddCustomerTest.java:60)
  testcases.AddCustomerTest.getdata(AddCustomerTest.java:46)
  java.base/jdk.internal.reflect.NativeMethodAccessorImpl.invoke0(Native Method)
  java.base/jdk.internal.reflect.NativeMethodAccessorImpl.invoke(NativeMethodAccessorImpl.java:62)
  java.base/jdk.internal.reflect.DelegatingMethodAccessorImpl.invoke(DelegatingMethodAccessorImpl.java:43)
  java.base/java.lang.reflect.Method.invoke(Method.java:564)
  org.testng.internal.invokers.MethodInvocationHelper.invokeMethod(MethodInvocationHelper.java:139)
  org.testng.internal.invokers.MethodInvocationHelper.invokeMethod(MethodInvocationHelper.java:84)
  org.testng.internal.invokers.MethodInvocationHelper.invokeMethodNoCheckedException(MethodInvocationHelper.java:53)
  org.testng.internal.invokers.MethodInvocationHelper.invokeDataProvider(MethodInvocationHelper.java:157)
  org.testng.internal.Parameters.handleParameters(Parameters.java:791)
  org.testng.internal.Parameters.handleParameters(Parameters.java:728)
  org.testng.internal.invokers.ParameterHandler.handleParameters(ParameterHandler.java:72)
  org.testng.internal.invokers.ParameterHandler.createParameters(ParameterHandler.java:51)
  org.testng.internal.invokers.TestInvoker$MethodInvocationAgent.invoke(TestInvoker.java:917)
  org.testng.internal.invokers.TestInvoker.invokeTestMethods(TestInvoker.java:194)
  org.testng.internal.invokers.TestMethodWorker.invokeTestMethods(TestMethodWorker.java:148)
  org.testng.internal.invokers.TestMethodWorker.run(TestMethodWorker.java:128)
  java.base/java.util.ArrayList.forEach(ArrayList.java:1510)
  org.testng.TestRunner.privateRun(TestRunner.java:806)
  org.testng.TestRunner.run(TestRunner.java:601)
  org.testng.SuiteRunner.runTest(SuiteRunner.java:433)
  org.testng.SuiteRunner.runSequentially(SuiteRunner.java:427)
  org.testng.SuiteRunner.privateRun(SuiteRunner.java:387)
  org.testng.SuiteRunner.run(SuiteRunner.java:330)
  org.testng.SuiteRunnerWorker.runSuite(SuiteRunnerWorker.java:52)
  org.testng.SuiteRunnerWorker.run(SuiteRunnerWorker.java:95)
  org.testng.TestNG.runSuitesSequentially(TestNG.java:1256)
  org.testng.TestNG.runSuitesLocally(TestNG.java:1176)
  org.testng.TestNG.runSuites(TestNG.java:1099)
  org.testng.TestNG.run(TestNG.java:1067)
  com.intellij.rt.testng.IDEARemoteTestNG.run(IDEARemoteTestNG.java:66)
  com.intellij.rt.testng.RemoteTestNGStarter.main(RemoteTestNGStarter.java:110)
]]>
      </failure>

          </testcase>
  

  

  

</testsuite>
