<?xml version="1.0" encoding="UTF-8"?>
<testng-results ignored="2" total="7" passed="5" failed="0" skipped="0">
  <reporter-output>
  </reporter-output>
  <suite started-at="2022-09-09T23:12:46 IST" name="All Test Suite" finished-at="2022-09-09T23:12:58 IST" duration-ms="11810">
    <groups>
    </groups>
    <test started-at="2022-09-09T23:12:46 IST" name="C:\Users\neeth\Documents\GitHub\Repo\DataDrivenFramwork" finished-at="2022-09-09T23:12:58 IST" duration-ms="11810">
      <class name="testcases.AddCustomerTest">
        <test-method signature="Addcustomer(java.lang.String,java.lang.String,java.lang.String,java.lang.String)[pri:0, instance:testcases.AddCustomerTest@2d710f1a]" started-at="2022-09-09T23:12:52 IST" name="Addcustomer" data-provider="getData1" finished-at="2022-09-09T23:12:55 IST" duration-ms="2541" status="PASS">
          <params>
            <param index="0">
              <value>
                <![CDATA[Neethu]]>
              </value>
            </param>
            <param index="1">
              <value>
                <![CDATA[Nair]]>
              </value>
            </param>
            <param index="2">
              <value>
                <![CDATA[234r]]>
              </value>
            </param>
            <param index="3">
              <value>
                <![CDATA[Customer added successfully]]>
              </value>
            </param>
          </params>
          <reporter-output>
          </reporter-output>
        </test-method> <!-- Addcustomer -->
        <test-method signature="Addcustomer(java.lang.String,java.lang.String,java.lang.String,java.lang.String)[pri:0, instance:testcases.AddCustomerTest@2d710f1a]" started-at="2022-09-09T23:12:55 IST" name="Addcustomer" data-provider="getData1" finished-at="2022-09-09T23:12:56 IST" duration-ms="1591" status="PASS">
          <params>
            <param index="0">
              <value>
                <![CDATA[test]]>
              </value>
            </param>
            <param index="1">
              <value>
                <![CDATA[test]]>
              </value>
            </param>
            <param index="2">
              <value>
                <![CDATA[test]]>
              </value>
            </param>
            <param index="3">
              <value>
                <![CDATA[Customer added successfully]]>
              </value>
            </param>
          </params>
          <reporter-output>
          </reporter-output>
        </test-method> <!-- Addcustomer -->
        <test-method signature="Addcustomer(java.lang.String,java.lang.String,java.lang.String,java.lang.String)[pri:0, instance:testcases.AddCustomerTest@2d710f1a]" started-at="2022-09-09T23:12:56 IST" name="Addcustomer" data-provider="getData1" finished-at="2022-09-09T23:12:58 IST" duration-ms="1518" status="PASS">
          <params>
            <param index="0">
              <value>
                <![CDATA[chk]]>
              </value>
            </param>
            <param index="1">
              <value>
                <![CDATA[chk1]]>
              </value>
            </param>
            <param index="2">
              <value>
                <![CDATA[chk22]]>
              </value>
            </param>
            <param index="3">
              <value>
                <![CDATA[Customer added successfully]]>
              </value>
            </param>
          </params>
          <reporter-output>
          </reporter-output>
        </test-method> <!-- Addcustomer -->
      </class> <!-- testcases.AddCustomerTest -->
      <class name="testcases.BankManagerLoginTest">
        <test-method is-config="true" signature="setUp()[pri:0, instance:testcases.BankManagerLoginTest@1b11171f]" started-at="2022-09-09T23:12:28 IST" name="setUp" finished-at="2022-09-09T23:12:46 IST" duration-ms="18243" status="PASS">
          <reporter-output>
          </reporter-output>
        </test-method> <!-- setUp -->
        <test-method signature="loginAsBankManager()[pri:0, instance:testcases.BankManagerLoginTest@1b11171f]" started-at="2022-09-09T23:12:46 IST" name="loginAsBankManager" finished-at="2022-09-09T23:12:48 IST" duration-ms="1390" status="PASS">
          <reporter-output>
          </reporter-output>
        </test-method> <!-- loginAsBankManager -->
        <test-method signature="verifylandingpage()[pri:0, instance:testcases.BankManagerLoginTest@1b11171f]" started-at="2022-09-09T23:12:48 IST" name="verifylandingpage" finished-at="2022-09-09T23:12:49 IST" duration-ms="1206" status="PASS">
          <reporter-output>
          </reporter-output>
        </test-method> <!-- verifylandingpage -->
        <test-method is-config="true" signature="tearDown()[pri:0, instance:testcases.BankManagerLoginTest@1b11171f]" started-at="2022-09-09T23:12:58 IST" name="tearDown" finished-at="2022-09-09T23:13:04 IST" duration-ms="6110" status="PASS">
          <reporter-output>
          </reporter-output>
        </test-method> <!-- tearDown -->
      </class> <!-- testcases.BankManagerLoginTest -->
    </test> <!-- C:\Users\neeth\Documents\GitHub\Repo\DataDrivenFramwork -->
  </suite> <!-- All Test Suite -->
</testng-results>
